# JRE version: OpenJDK Runtime Environment (8.0_152-b01) (build 1.8.0_152-release-1343-b01)
# Java VM: OpenJDK 64-Bit Server VM (25.152-b01 mixed mode windows-amd64 compressed oops)
Heap:
 PSYoungGen      total 188416K, used 93029K [0x00000000e0000000, 0x00000000eee80000, 0x0000000100000000)
  eden space 159744K, 40% used [0x00000000e0000000,0x00000000e3f0ab80,0x00000000e9c00000)
  from space 28672K, 99% used [0x00000000ed280000,0x00000000eee52c08,0x00000000eee80000)
  to   space 40960K, 0% used [0x00000000e9e80000,0x00000000e9e80000,0x00000000ec680000)
 ParOldGen       total 154624K, used 64660K [0x00000000a0000000, 0x00000000a9700000, 0x00000000e0000000)
  object space 154624K, 41% used [0x00000000a0000000,0x00000000a3f25218,0x00000000a9700000)
 Metaspace       used 76929K, capacity 79761K, committed 80128K, reserved 1118208K
  class space    used 10057K, capacity 10629K, committed 10752K, reserved 1048576K
GC Heap History (10 events):
Event: 21.507 GC heap before
{Heap before GC invocations=17 (full 3):
 PSYoungGen      total 139264K, used 120320K [0x00000000e0000000, 0x00000000eba00000, 0x0000000100000000)
  eden space 120320K, 100% used [0x00000000e0000000,0x00000000e7580000,0x00000000e7580000)
  from space 18944K, 0% used [0x00000000e7580000,0x00000000e7580000,0x00000000e8800000)
  to   space 18944K, 0% used [0x00000000ea780000,0x00000000ea780000,0x00000000eba00000)
 ParOldGen       total 154624K, used 28870K [0x00000000a0000000, 0x00000000a9700000, 0x00000000e0000000)
  object space 154624K, 18% used [0x00000000a0000000,0x00000000a1c31ae8,0x00000000a9700000)
 Metaspace       used 63172K, capacity 65419K, committed 65664K, reserved 1105920K
  class space    used 8588K, capacity 9068K, committed 9088K, reserved 1048576K
Event: 21.519 GC heap after
Heap after GC invocations=17 (full 3):
 PSYoungGen      total 157696K, used 13089K [0x00000000e0000000, 0x00000000eb480000, 0x0000000100000000)
  eden space 144384K, 0% used [0x00000000e0000000,0x00000000e0000000,0x00000000e8d00000)
  from space 13312K, 98% used [0x00000000ea780000,0x00000000eb448670,0x00000000eb480000)
  to   space 19456K, 0% used [0x00000000e8e80000,0x00000000e8e80000,0x00000000ea180000)
 ParOldGen       total 154624K, used 28878K [0x00000000a0000000, 0x00000000a9700000, 0x00000000e0000000)
  object space 154624K, 18% used [0x00000000a0000000,0x00000000a1c33ae8,0x00000000a9700000)
 Metaspace       used 63172K, capacity 65419K, committed 65664K, reserved 1105920K
  class space    used 8588K, capacity 9068K, committed 9088K, reserved 1048576K
}
Event: 24.836 GC heap before
{Heap before GC invocations=18 (full 3):
 PSYoungGen      total 157696K, used 157473K [0x00000000e0000000, 0x00000000eb480000, 0x0000000100000000)
  eden space 144384K, 100% used [0x00000000e0000000,0x00000000e8d00000,0x00000000e8d00000)
  from space 13312K, 98% used [0x00000000ea780000,0x00000000eb448670,0x00000000eb480000)
  to   space 19456K, 0% used [0x00000000e8e80000,0x00000000e8e80000,0x00000000ea180000)
 ParOldGen       total 154624K, used 28878K [0x00000000a0000000, 0x00000000a9700000, 0x00000000e0000000)
  object space 154624K, 18% used [0x00000000a0000000,0x00000000a1c33ae8,0x00000000a9700000)
 Metaspace       used 66160K, capacity 68413K, committed 68608K, reserved 1107968K
  class space    used 8920K, capacity 9407K, committed 9472K, reserved 1048576K
Event: 24.849 GC heap after
Heap after GC invocations=18 (full 3):
 PSYoungGen      total 165376K, used 19439K [0x00000000e0000000, 0x00000000ed000000, 0x0000000100000000)
  eden space 145920K, 0% used [0x00000000e0000000,0x00000000e0000000,0x00000000e8e80000)
  from space 19456K, 99% used [0x00000000e8e80000,0x00000000ea17bfc0,0x00000000ea180000)
  to   space 22016K, 0% used [0x00000000eba80000,0x00000000eba80000,0x00000000ed000000)
 ParOldGen       total 154624K, used 29397K [0x00000000a0000000, 0x00000000a9700000, 0x00000000e0000000)
  object space 154624K, 19% used [0x00000000a0000000,0x00000000a1cb5480,0x00000000a9700000)
 Metaspace       used 66160K, capacity 68413K, committed 68608K, reserved 1107968K
  class space    used 8920K, capacity 9407K, committed 9472K, reserved 1048576K
}
Event: 31.839 GC heap before
{Heap before GC invocations=19 (full 3):
 PSYoungGen      total 165376K, used 165359K [0x00000000e0000000, 0x00000000ed000000, 0x0000000100000000)
  eden space 145920K, 100% used [0x00000000e0000000,0x00000000e8e80000,0x00000000e8e80000)
  from space 19456K, 99% used [0x00000000e8e80000,0x00000000ea17bfc0,0x00000000ea180000)
  to   space 22016K, 0% used [0x00000000eba80000,0x00000000eba80000,0x00000000ed000000)
 ParOldGen       total 154624K, used 29397K [0x00000000a0000000, 0x00000000a9700000, 0x00000000e0000000)
  object space 154624K, 19% used [0x00000000a0000000,0x00000000a1cb5480,0x00000000a9700000)
 Metaspace       used 71762K, capacity 74247K, committed 74368K, reserved 1114112K
  class space    used 9583K, capacity 10068K, committed 10112K, reserved 1048576K
Event: 31.862 GC heap after
Heap after GC invocations=19 (full 3):
 PSYoungGen      total 186368K, used 21996K [0x00000000e0000000, 0x00000000ed780000, 0x0000000100000000)
  eden space 164352K, 0% used [0x00000000e0000000,0x00000000e0000000,0x00000000ea080000)
  from space 22016K, 99% used [0x00000000eba80000,0x00000000ecffb080,0x00000000ed000000)
  to   space 26624K, 0% used [0x00000000ea080000,0x00000000ea080000,0x00000000eba80000)
 ParOldGen       total 154624K, used 34695K [0x00000000a0000000, 0x00000000a9700000, 0x00000000e0000000)
  object space 154624K, 22% used [0x00000000a0000000,0x00000000a21e1dd0,0x00000000a9700000)
 Metaspace       used 71762K, capacity 74247K, committed 74368K, reserved 1114112K
  class space    used 9583K, capacity 10068K, committed 10112K, reserved 1048576K
}
Event: 1184.112 GC heap before
{Heap before GC invocations=20 (full 3):
 PSYoungGen      total 186368K, used 186348K [0x00000000e0000000, 0x00000000ed780000, 0x0000000100000000)
  eden space 164352K, 100% used [0x00000000e0000000,0x00000000ea080000,0x00000000ea080000)
  from space 22016K, 99% used [0x00000000eba80000,0x00000000ecffb080,0x00000000ed000000)
  to   space 26624K, 0% used [0x00000000ea080000,0x00000000ea080000,0x00000000eba80000)
 ParOldGen       total 154624K, used 34695K [0x00000000a0000000, 0x00000000a9700000, 0x00000000e0000000)
  object space 154624K, 22% used [0x00000000a0000000,0x00000000a21e1dd0,0x00000000a9700000)
 Metaspace       used 73748K, capacity 76403K, committed 76672K, reserved 1116160K
  class space    used 9736K, capacity 10280K, committed 10368K, reserved 1048576K
Event: 1184.148 GC heap after
Heap after GC invocations=20 (full 3):
 PSYoungGen      total 190976K, used 26620K [0x00000000e0000000, 0x00000000ef800000, 0x0000000100000000)
  eden space 164352K, 0% used [0x00000000e0000000,0x00000000e0000000,0x00000000ea080000)
  from space 26624K, 99% used [0x00000000ea080000,0x00000000eba7f188,0x00000000eba80000)
  to   space 38400K, 0% used [0x00000000ed280000,0x00000000ed280000,0x00000000ef800000)
 ParOldGen       total 154624K, used 56496K [0x00000000a0000000, 0x00000000a9700000, 0x00000000e0000000)
  object space 154624K, 36% used [0x00000000a0000000,0x00000000a372c3c8,0x00000000a9700000)
 Metaspace       used 73748K, capacity 76403K, committed 76672K, reserved 1116160K
  class space    used 9736K, capacity 10280K, committed 10368K, reserved 1048576K
}
Event: 1225.282 GC heap before
{Heap before GC invocations=21 (full 3):
 PSYoungGen      total 190976K, used 190972K [0x00000000e0000000, 0x00000000ef800000, 0x0000000100000000)
  eden space 164352K, 100% used [0x00000000e0000000,0x00000000ea080000,0x00000000ea080000)
  from space 26624K, 99% used [0x00000000ea080000,0x00000000eba7f188,0x00000000eba80000)
  to   space 38400K, 0% used [0x00000000ed280000,0x00000000ed280000,0x00000000ef800000)
 ParOldGen       total 154624K, used 56496K [0x00000000a0000000, 0x00000000a9700000, 0x00000000e0000000)
  object space 154624K, 36% used [0x00000000a0000000,0x00000000a372c3c8,0x00000000a9700000)
 Metaspace       used 76608K, capacity 79467K, committed 79488K, reserved 1118208K
  class space    used 10048K, capacity 10614K, committed 10624K, reserved 1048576K
Event: 1225.311 GC heap after
Heap after GC invocations=21 (full 3):
 PSYoungGen      total 188416K, used 28491K [0x00000000e0000000, 0x00000000eee80000, 0x0000000100000000)
  eden space 159744K, 0% used [0x00000000e0000000,0x00000000e0000000,0x00000000e9c00000)
  from space 28672K, 99% used [0x00000000ed280000,0x00000000eee52c08,0x00000000eee80000)
  to   space 40960K, 0% used [0x00000000e9e80000,0x00000000e9e80000,0x00000000ec680000)
 ParOldGen       total 154624K, used 64660K [0x00000000a0000000, 0x00000000a9700000, 0x00000000e0000000)
  object space 154624K, 41% used [0x00000000a0000000,0x00000000a3f25218,0x00000000a9700000)
 Metaspace       used 76608K, capacity 79467K, committed 79488K, reserved 1118208K
  class space    used 10048K, capacity 10614K, committed 10624K, reserved 1048576K
}

